{"type":"server-started","port":62722,"host":"127.0.0.1","url_host":"localhost","url":"http://localhost:62722","screen_dir":"C:\\Users\\sunil\\Projects\\note\\.superpowers\\brainstorm\\1914032875-1781134739.33551\\content","state_dir":"C:\\Users\\sunil\\Projects\\note\\.superpowers\\brainstorm\\1914032875-1781134739.33551\\state"}
{"type":"screen-added","file":"C:\\Users\\sunil\\Projects\\note\\.superpowers\\brainstorm\\1914032875-1781134739.33551\\content\\layout-options.html"}
{"source":"user-event","type":"click","text":"A\n    \n      Single Note View\n      Click a note in sidebar → it opens directly, replacing whatever was in the editor. No tab bar. Clean and simple.","choice":"single","id":null,"timestamp":1781149302016}
{"source":"user-event","type":"click","text":"A\n    \n      Single Note View\n      Click a note in sidebar → it opens directly, replacing whatever was in the editor. No tab bar. Clean and simple.","choice":"single","id":null,"timestamp":1781149303152}
{"source":"user-event","type":"click","text":"B\n    \n      List/Detail Split\n      No sidebar on left. Instead, a note list takes the left panel and the editor is on the right. Tapping a note shows it inline.","choice":"list-detail","id":null,"timestamp":1781149303779}
{"source":"user-event","type":"click","text":"C\n    \n      Something else\n      I have a different idea for navigation.","choice":"other","id":null,"timestamp":1781149304608}
{"source":"user-event","type":"click","text":"B\n    \n      List/Detail Split\n      No sidebar on left. Instead, a note list takes the left panel and the editor is on the right. Tapping a note shows it inline.","choice":"list-detail","id":null,"timestamp":1781149304950}
{"source":"user-event","type":"click","text":"A\n    \n      Single Note View\n      Click a note in sidebar → it opens directly, replacing whatever was in the editor. No tab bar. Clean and simple.","choice":"single","id":null,"timestamp":1781149305210}
{"source":"user-event","type":"click","text":"A\n    \n      Single Note View\n      Click a note in sidebar → it opens directly, replacing whatever was in the editor. No tab bar. Clean and simple.","choice":"single","id":null,"timestamp":1781149320570}
{"type":"screen-added","file":"C:\\Users\\sunil\\Projects\\note\\.superpowers\\brainstorm\\1914032875-1781134739.33551\\content\\ui-enhancements.html"}
{"source":"user-event","type":"click","text":"1\n    \n      Layout & Spacing\n      Better use of screen space, more modern proportions, tighter or airier feel","choice":"layout","id":null,"timestamp":1781149336117}
{"source":"user-event","type":"click","text":"1\n    \n      Layout & Spacing\n      Better use of screen space, more modern proportions, tighter or airier feel","choice":"layout","id":null,"timestamp":1781149336876}
{"source":"user-event","type":"click","text":"1\n    \n      Layout & Spacing\n      Better use of screen space, more modern proportions, tighter or airier feel","choice":"layout","id":null,"timestamp":1781149349167}
{"source":"user-event","type":"click","text":"3\n    \n      Sidebar Polish\n      Search/filter notes, note previews, drag to reorder, visual improvements","choice":"sidebar","id":null,"timestamp":1781149365747}
{"source":"user-event","type":"click","text":"4\n    \n      Header / Chrome\n      Minimal header, cleaner app chrome, more content focus","choice":"header","id":null,"timestamp":1781149369583}
{"source":"user-event","type":"click","text":"5\n    \n      Animations & Micro-interactions\n      Smooth transitions, hover states, subtle feedback","choice":"animations","id":null,"timestamp":1781149375758}
{"source":"user-event","type":"click","text":"6\n    \n      Typography & Reading Experience\n      Better fonts, line spacing, reading width, focus on content","choice":"typography","id":null,"timestamp":1781149379540}
{"source":"user-event","type":"click","text":"2\n    \n      Editor Toolbar\n      Cleaner toolbar design, better icon arrangement, floating/contextual toolbar","choice":"toolbar","id":null,"timestamp":1781149382928}
{"type":"screen-added","file":"C:\\Users\\sunil\\Projects\\note\\.superpowers\\brainstorm\\1914032875-1781134739.33551\\content\\visual-directions.html"}
{"source":"user-event","type":"click","text":"A\n    \n      Clean & Minimal\n      Notion / Google Docs vibe\n      White space, subtle borders, thin header, clean sidebar with search, toolbar as a compact strip. Balanced and approachable.\n      \n        ProsFamiliar to most usersLow visual clutterWorks in both themes\n        ConsLess distinctiveCould feel generic","choice":"clean","id":null,"timestamp":1781149418427}
{"source":"user-event","type":"click","text":"A\n    \n      Clean & Minimal\n      Notion / Google Docs vibe\n      White space, subtle borders, thin header, clean sidebar with search, toolbar as a compact strip. Balanced and approachable.\n      \n        ProsFamiliar to most usersLow visual clutterWorks in both themes\n        ConsLess distinctiveCould feel generic","choice":"clean","id":null,"timestamp":1781149419513}
{"source":"user-event","type":"click","text":"B\n    \n      Modern & Structured\n      Linear / Obsidian vibe\n      Bolder use of color, subtle glassmorphism, sidebar with note preview lines, collapsible sections, floating toolbar. More opinionated.\n      \n        ProsDistinctive lookEfficient use of spaceGreat dark mode\n        ConsHeavier visual styleMore CSS complexity","choice":"modern","id":null,"timestamp":1781149424685}
{"source":"user-event","type":"click","text":"C\n    \n      Distraction-Free\n      Bear / iA Writer vibe\n      Sidebar is a slide-over panel (not permanent), toolbar collapses contextually, maximum focus on the writing area, beautiful typography.\n      \n        ProsBest writing experienceUnique positioningGreat for focus\n        ConsLess discoverable UITakes getting used to","choice":"distraction","id":null,"timestamp":1781149447032}
{"source":"user-event","type":"click","text":"B\n    \n      Modern & Structured\n      Linear / Obsidian vibe\n      Bolder use of color, subtle glassmorphism, sidebar with note preview lines, collapsible sections, floating toolbar. More opinionated.\n      \n        ProsDistinctive lookEfficient use of spaceGreat dark mode\n        ConsHeavier visual styleMore CSS complexity","choice":"modern","id":null,"timestamp":1781149448996}
{"type":"screen-added","file":"C:\\Users\\sunil\\Projects\\note\\.superpowers\\brainstorm\\1914032875-1781134739.33551\\content\\design-layout.html"}
{"type":"screen-added","file":"C:\\Users\\sunil\\Projects\\note\\.superpowers\\brainstorm\\1914032875-1781134739.33551\\content\\design-layout-v2.html"}
{"type":"screen-added","file":"C:\\Users\\sunil\\Projects\\note\\.superpowers\\brainstorm\\1914032875-1781134739.33551\\content\\design-sidebar.html"}
{"type":"screen-added","file":"C:\\Users\\sunil\\Projects\\note\\.superpowers\\brainstorm\\1914032875-1781134739.33551\\content\\design-header-toolbar.html"}
{"type":"screen-added","file":"C:\\Users\\sunil\\Projects\\note\\.superpowers\\brainstorm\\1914032875-1781134739.33551\\content\\design-typography-animations.html"}
